<?xml version="1.0" encoding="UTF-8"?><testsuite name="nosetests" tests="15" errors="0" failures="0" skip="0"><testcase classname="test_endpoints.EdmRestApiTest" name="test_01_post_backups" time="1.613"><system-out><![CDATA[=============> Starting Backup - backup_id = 1
=============> Backing up - Elasticsearch ...

[WARN] Only one SOURCE seed node found in the config, falling back to single SOURCE seed...

[INFO] Connected to src ES cluster: {'name': 's3zBagQ', 'cluster_name': 'elastest-cluster', 'cluster_uuid': 'Mdzu6d0aTwOA-DN3aIOJxQ', 'version': {'number': '5.4.1', 'build_hash': '2cfe0df', 'build_date': '2017-05-29T16:05:51.443Z', 'build_snapshot': False, 'lucene_version': '6.5.1'}, 'tagline': 'You Know, for Search'}

[INFO] Creating repository [elastest-snapshot] ...


[INFO] Looking for snapshot [elastest_snapshot_1] ...


[INFO] Deleting snapshot [elastest_snapshot_1] ...


[INFO] Snapshotting ES cluster to [elastest_snapshot_1] ...

=============> Backing up - HDFS ...
=============> Backing up - MySQL ...
=============> dumpdir = /backup/mysql/1
=============> dumpfile = <_io.TextIOWrapper name='/backup/mysql/1/elastest_mysql.sql' mode='w' encoding='UTF-8'>
]]></system-out></testcase><testcase classname="test_endpoints.EdmRestApiTest" name="test_02_get_backups" time="0.018"></testcase><testcase classname="test_endpoints.EdmRestApiTest" name="test_03_get_backups_pagination" time="0.029"></testcase><testcase classname="test_endpoints.EdmRestApiTest" name="test_04_get_specific_backup" time="0.021"></testcase><testcase classname="test_endpoints.EdmRestApiTest" name="test_05_put_specific_backup" time="0.044"></testcase><testcase classname="test_endpoints.EdmRestApiTest" name="test_06_get_backup_archive_yy" time="0.028"></testcase><testcase classname="test_endpoints.EdmRestApiTest" name="test_07_get_backup_archive_yymm" time="0.028"></testcase><testcase classname="test_endpoints.EdmRestApiTest" name="test_08_get_backup_archive_yymmdd" time="0.037"></testcase><testcase classname="test_endpoints.EdmRestApiTest" name="test_51_post_restores" time="6.186"><system-out><![CDATA[=============> Starting Restore - backup_id = 1
=============> Restoring - Elasticsearch ...

[WARN] Are you running in test mode? Have you defined >1 dest node in the conf?

[WARN] Falling back to a single dest node...

[INFO] Connected to dest ES cluster: {'name': 'CDtWOTr', 'cluster_name': 'elastest-cluster', 'cluster_uuid': 'Mdzu6d0aTwOA-DN3aIOJxQ', 'version': {'number': '5.4.1', 'build_hash': '2cfe0df', 'build_date': '2017-05-29T16:05:51.443Z', 'build_snapshot': False, 'lucene_version': '6.5.1'}, 'tagline': 'You Know, for Search'}
[INFO] Closing indexes ...

[INFO] Restoring ES cluster from snapshot [elastest_snapshot_1] ...

[INFO] reopen_indices(): Opening all indexes


[WARN] Could not reopen all indices on Target ES cluster

[INFO] (finally) Finished
=============> Restoring - HDFS ...
=============> Restoring - MySQL ...
=============> dumpdir = /backup/mysql/1
=============> dumpfilepath = /backup/mysql/1/elastest_mysql.sql
]]></system-out></testcase><testcase classname="test_endpoints.EdmRestApiTest" name="test_52_get_restores" time="0.063"></testcase><testcase classname="test_endpoints.EdmRestApiTest" name="test_53_get_restores_pagination" time="0.038"></testcase><testcase classname="test_endpoints.EdmRestApiTest" name="test_54_get_specific_restore" time="0.027"></testcase><testcase classname="test_endpoints.EdmRestApiTest" name="test_55_put_specific_restore" time="0.030"></testcase><testcase classname="test_endpoints.EdmRestApiTest" name="test_91_delete_specific_backup" time="0.035"></testcase><testcase classname="test_endpoints.EdmRestApiTest" name="test_92_delete_specific_restore" time="0.033"></testcase></testsuite>